Database already contains data, skipping seed.
============================= test session starts ==============================
platform linux -- Python 3.10.12, pytest-9.0.3, pluggy-1.6.0 -- /usr/bin/python3
cachedir: .pytest_cache
hypothesis profile 'default'
rootdir: /home/marcosgnr/MMT/backend
configfile: pyproject.toml
plugins: schemathesis-4.15.2, hypothesis-6.152.2, cov-7.1.0, anyio-3.7.1
collecting ... collected 1 item

backend/tests/test_m12_export_deep.py::test_export_deep_zip_generation DEBUG: Export Job failed with: 'SamplePoint' object has no attribute 'name'
FAILED
ERROR: Coverage failure: total of 56 is less than fail-under=70


=================================== FAILURES ===================================
_______________________ test_export_deep_zip_generation ________________________
backend/tests/test_m12_export_deep.py:81: in test_export_deep_zip_generation
    assert ExportService.export_jobs[job_id]["status"] == "COMPLETED"
E   AssertionError: assert 'FAILED' == 'COMPLETED'
E     
E     - COMPLETED
E     + FAILED
================================ tests coverage ================================
_______________ coverage: platform linux, python 3.10.12-final-0 _______________

Name                                          Stmts   Miss  Cover   Missing
---------------------------------------------------------------------------
backend/app/database.py                          16      5    69%   18, 26-30
backend/app/dependencies.py                      31     17    45%   39-54, 66-76
backend/app/main.py                              34      2    94%   49, 53
backend/app/models.py                           604      0   100%
backend/app/routers/alerts.py                    52     30    42%   32-50, 55-61, 71, 76-79, 84-87, 91
backend/app/routers/audit_simulation.py          45     19    58%   29-103, 119-161
backend/app/routers/calibration.py              151    100    34%   22-28, 39-46, 50-53, 58-67, 78-86, 90-93, 105, 115-117, 128-144, 152-156, 164-171, 183, 192-194, 204, 217-219, 224-236, 240-243, 255, 264-285
backend/app/routers/chemical.py                 346    287    17%   34-37, 41-45, 49-52, 56-62, 68-72, 76-81, 99-176, 183-215, 224-267, 271-274, 279-341, 352-362, 367-561, 568-609, 619-623, 637-684, 716-722, 733-745
backend/app/routers/configuration.py            171    123    28%   36, 40, 48-80, 89-99, 107-119, 129-132, 140-152, 156, 166-190, 201-205, 213-217, 226-236, 244-249, 258-261, 269-273, 282-285, 293-297, 306-309, 317-331
backend/app/routers/equipment.py                146    107    27%   34-45, 56-72, 83-87, 99-107, 116-126, 134-158, 170-191, 195-202, 216-266, 274-283, 287, 293, 305-309, 313, 321
backend/app/routers/export.py                    34     15    56%   21-27, 31-33, 37-44
backend/app/routers/failures.py                  51     25    51%   30-39, 47-50, 59, 69, 78, 83-87, 91, 96-101
backend/app/routers/history.py                   35     12    66%   31-39, 49-51, 56, 60
backend/app/routers/maintenance.py               95     63    34%   19-23, 27, 32-36, 40, 45, 60-98, 102-105, 109, 114-118, 122-127, 134-143
backend/app/routers/planning.py                  37     17    54%   29-45, 54, 64, 74, 79
backend/app/routers/sync.py                      33      7    79%   27, 31, 38, 50-51, 57, 62
backend/app/schemas/__init__.py                   0      0   100%
backend/app/schemas/calibration.py              114      0   100%
backend/app/schemas/chemical.py                 159      0   100%
backend/app/schemas/configuration.py            134     10    93%   61-67, 73-75
backend/app/schemas/export.py                    17      0   100%
backend/app/schemas/phase3.py                   249      0   100%
backend/app/schemas/schemas.py                  176      0   100%
backend/app/seed.py                             154    141     8%   16-794, 799
backend/app/services/__init__.py                  0      0   100%
backend/app/services/alerts_service.py           37     27    27%   10-26, 30-53
backend/app/services/calibration_service.py     140    118    16%   12-21, 25-50, 54-82, 86-133, 141-161, 165-171, 178-222
backend/app/services/equipment_service.py        22     19    14%   23-45
backend/app/services/export_service.py           80     43    46%   15-24, 50-83, 93-103
backend/app/services/failures_service.py         61     47    23%   10-23, 27-48, 52-66, 70-76
backend/app/services/hierarchy_service.py        40     32    20%   42-81, 90-141
backend/app/services/history_service.py          23     14    39%   9-28, 32-36
backend/app/services/integrations.py             50     39    22%   26-57, 65-80, 88-130
backend/app/services/maintenance_service.py      51     42    18%   9-34, 38-62
backend/app/services/pdf_parser.py              137     91    34%   71-80, 85-90, 95-96, 101-107, 112-116, 121-129, 134-151, 156-169, 185-202, 218-240
backend/app/services/planning_service.py         52     38    27%   10-16, 20-31, 35-49, 53-61
backend/app/services/sla_matrix.py               14     11    21%   171-188
backend/app/services/sync_service.py             66     51    23%   13-17, 21-59, 63-103
backend/app/services/validation_engine.py       132     86    35%   56, 60, 74-92, 115-142, 163-171, 178-186, 196-197, 201-202, 206-207, 219-258, 272-304, 313-318
backend/app/services/validation_service.py       50     42    16%   15-67
---------------------------------------------------------------------------
TOTAL                                          3839   1680    56%
Coverage HTML written to dir htmlcov
FAIL Required test coverage of 70% not reached. Total coverage: 56.24%
=========================== short test summary info ============================
FAILED backend/tests/test_m12_export_deep.py::test_export_deep_zip_generation - AssertionError: assert 'FAILED' == 'COMPLETED'
  
  - COMPLETED
  + FAILED
============================== 1 failed in 1.78s ===============================
